<?xml version="1.0" encoding="UTF-8"?>
<!-- Generated by org.testng.reporters.JUnitXMLReporter -->
<testsuite ignored="0" hostname="LAPTOP-DOBLN3AU" failures="0" tests="7" name="Default test" time="16.239" errors="0" timestamp="2024-02-21T10:59:47 IST">
  <testcase classname="com.qa.sportyshoes.Tests.ProductsTest" name="test_user_login" time="1.729"/>
  <testcase classname="com.qa.sportyshoes.Tests.ProductsTest" name="test_product_addtoCart" time="1.118"/>
  <testcase classname="com.qa.sportyshoes.Tests.ProductsTest" name="test_HomeBTN" time="1.586"/>
  <testcase classname="com.qa.sportyshoes.Tests.ProductsTest" name="test_CartBTN" time="1.221"/>
  <testcase classname="com.qa.sportyshoes.Tests.ProductsTest" name="test_placeorderBTN" time="1.084"/>
  <testcase classname="com.qa.sportyshoes.Tests.ProductsTest" name="test_orders" time="1.424"/>
  <testcase classname="com.qa.sportyshoes.Tests.ProductsTest" name="test_logout" time="1.236"/>
</testsuite> <!-- Default test -->
