<?xml version="1.0" encoding="UTF-8"?>
<testng-results ignored="0" total="7" passed="7" failed="0" skipped="0">
  <reporter-output>
  </reporter-output>
  <suite started-at="2024-02-21T10:59:31 IST" name="Default suite" finished-at="2024-02-21T10:59:47 IST" duration-ms="16239">
    <groups>
    </groups>
    <test started-at="2024-02-21T10:59:31 IST" name="Default test" finished-at="2024-02-21T10:59:47 IST" duration-ms="16239">
      <class name="com.qa.sportyshoes.Tests.ProductsTest">
        <test-method is-config="true" signature="start_browser()[pri:0, instance:com.qa.sportyshoes.Tests.ProductsTest@cb0755b]" started-at="2024-02-21T10:59:31 IST" name="start_browser" finished-at="2024-02-21T10:59:38 IST" duration-ms="6660" status="PASS">
          <reporter-output>
          </reporter-output>
        </test-method> <!-- start_browser -->
        <test-method signature="test_user_login()[pri:49, instance:com.qa.sportyshoes.Tests.ProductsTest@cb0755b]" started-at="2024-02-21T10:59:38 IST" name="test_user_login" finished-at="2024-02-21T10:59:39 IST" duration-ms="1729" status="PASS">
          <reporter-output>
          </reporter-output>
        </test-method> <!-- test_user_login -->
        <test-method signature="test_product_addtoCart()[pri:50, instance:com.qa.sportyshoes.Tests.ProductsTest@cb0755b]" started-at="2024-02-21T10:59:39 IST" name="test_product_addtoCart" finished-at="2024-02-21T10:59:40 IST" duration-ms="1118" status="PASS">
          <reporter-output>
          </reporter-output>
        </test-method> <!-- test_product_addtoCart -->
        <test-method signature="test_HomeBTN()[pri:51, instance:com.qa.sportyshoes.Tests.ProductsTest@cb0755b]" started-at="2024-02-21T10:59:40 IST" name="test_HomeBTN" finished-at="2024-02-21T10:59:42 IST" duration-ms="1586" status="PASS">
          <reporter-output>
          </reporter-output>
        </test-method> <!-- test_HomeBTN -->
        <test-method signature="test_CartBTN()[pri:52, instance:com.qa.sportyshoes.Tests.ProductsTest@cb0755b]" started-at="2024-02-21T10:59:42 IST" name="test_CartBTN" finished-at="2024-02-21T10:59:43 IST" duration-ms="1221" status="PASS">
          <reporter-output>
          </reporter-output>
        </test-method> <!-- test_CartBTN -->
        <test-method signature="test_placeorderBTN()[pri:53, instance:com.qa.sportyshoes.Tests.ProductsTest@cb0755b]" started-at="2024-02-21T10:59:43 IST" name="test_placeorderBTN" finished-at="2024-02-21T10:59:44 IST" duration-ms="1084" status="PASS">
          <reporter-output>
          </reporter-output>
        </test-method> <!-- test_placeorderBTN -->
        <test-method signature="test_orders()[pri:54, instance:com.qa.sportyshoes.Tests.ProductsTest@cb0755b]" started-at="2024-02-21T10:59:44 IST" name="test_orders" finished-at="2024-02-21T10:59:46 IST" duration-ms="1424" status="PASS">
          <reporter-output>
          </reporter-output>
        </test-method> <!-- test_orders -->
        <test-method signature="test_logout()[pri:55, instance:com.qa.sportyshoes.Tests.ProductsTest@cb0755b]" started-at="2024-02-21T10:59:46 IST" name="test_logout" finished-at="2024-02-21T10:59:47 IST" duration-ms="1236" status="PASS">
          <reporter-output>
          </reporter-output>
        </test-method> <!-- test_logout -->
      </class> <!-- com.qa.sportyshoes.Tests.ProductsTest -->
    </test> <!-- Default test -->
  </suite> <!-- Default suite -->
</testng-results>
